0 info it worked if it ends with ok
1 verbose cli [ '/usr/local/bin/node',
1 verbose cli   '/usr/local/bin/npm',
1 verbose cli   'run',
1 verbose cli   'snapshot-publish' ]
2 info using npm@3.10.10
3 info using node@v6.11.4
4 verbose run-script [ 'presnapshot-publish',
4 verbose run-script   'snapshot-publish',
4 verbose run-script   'postsnapshot-publish' ]
5 info lifecycle novo-elements@2.6.1~presnapshot-publish: novo-elements@2.6.1
6 silly lifecycle novo-elements@2.6.1~presnapshot-publish: no script for presnapshot-publish, continuing
7 info lifecycle novo-elements@2.6.1~snapshot-publish: novo-elements@2.6.1
8 verbose lifecycle novo-elements@2.6.1~snapshot-publish: unsafe-perm in lifecycle true
9 verbose lifecycle novo-elements@2.6.1~snapshot-publish: PATH: /usr/local/lib/node_modules/npm/bin/node-gyp-bin:/Users/ezra.shim/bullhorn_dev/novo-elements/node_modules/.bin:/Users/ezra.shim/.gem/ruby/2.3.1/bin:/Users/ezra.shim/.rubies/ruby-2.3.1/lib/ruby/gems/2.3.0/bin:/Users/ezra.shim/.rubies/ruby-2.3.1/bin:/usr/local/bin:/usr/bin:/bin:/usr/sbin:/sbin:/Applications/Postgres.app/Contents/Versions/latest/bin:/Applications/Postgres.app/Contents/Versions/9.5/bin:/Users/ezra.shim/phalcon/phalcon-devtools
10 verbose lifecycle novo-elements@2.6.1~snapshot-publish: CWD: /Users/ezra.shim/bullhorn_dev/novo-elements
11 silly lifecycle novo-elements@2.6.1~snapshot-publish: Args: [ '-c', 'bash snapshot-publish' ]
12 silly lifecycle novo-elements@2.6.1~snapshot-publish: Returned: code: 1  signal: null
13 info lifecycle novo-elements@2.6.1~snapshot-publish: Failed to exec snapshot-publish script
14 verbose stack Error: novo-elements@2.6.1 snapshot-publish: `bash snapshot-publish`
14 verbose stack Exit status 1
14 verbose stack     at EventEmitter.<anonymous> (/usr/local/lib/node_modules/npm/lib/utils/lifecycle.js:255:16)
14 verbose stack     at emitTwo (events.js:106:13)
14 verbose stack     at EventEmitter.emit (events.js:191:7)
14 verbose stack     at ChildProcess.<anonymous> (/usr/local/lib/node_modules/npm/lib/utils/spawn.js:40:14)
14 verbose stack     at emitTwo (events.js:106:13)
14 verbose stack     at ChildProcess.emit (events.js:191:7)
14 verbose stack     at maybeClose (internal/child_process.js:920:16)
14 verbose stack     at Process.ChildProcess._handle.onexit (internal/child_process.js:230:5)
15 verbose pkgid novo-elements@2.6.1
16 verbose cwd /Users/ezra.shim/bullhorn_dev/novo-elements
17 error Darwin 17.4.0
18 error argv "/usr/local/bin/node" "/usr/local/bin/npm" "run" "snapshot-publish"
19 error node v6.11.4
20 error npm  v3.10.10
21 error code ELIFECYCLE
22 error novo-elements@2.6.1 snapshot-publish: `bash snapshot-publish`
22 error Exit status 1
23 error Failed at the novo-elements@2.6.1 snapshot-publish script 'bash snapshot-publish'.
23 error Make sure you have the latest version of node.js and npm installed.
23 error If you do, this is most likely a problem with the novo-elements package,
23 error not with npm itself.
23 error Tell the author that this fails on your system:
23 error     bash snapshot-publish
23 error You can get information on how to open an issue for this project with:
23 error     npm bugs novo-elements
23 error Or if that isn't available, you can get their info via:
23 error     npm owner ls novo-elements
23 error There is likely additional logging output above.
24 verbose exit [ 1, true ]
